Analysis & Synthesis report for final_work
Tue Sep 06 17:07:17 2022
Quartus II 64-Bit Version 13.1.0 Build 162 10/23/2013 SJ Web Edition


---------------------
; Table of Contents ;
---------------------
  1. Legal Notice
  2. Analysis & Synthesis Summary
  3. Analysis & Synthesis Settings
  4. Parallel Compilation
  5. Analysis & Synthesis Source Files Read
  6. Analysis & Synthesis Resource Usage Summary
  7. Analysis & Synthesis Resource Utilization by Entity
  8. Analysis & Synthesis RAM Summary
  9. General Register Statistics
 10. Inverted Register Statistics
 11. Registers Packed Into Inferred Megafunctions
 12. Multiplexer Restructuring Statistics (Restructuring Performed)
 13. Source assignments for Ahmes:inst|memoria:inst9|altsyncram:Mux7_rtl_0|altsyncram_lv01:auto_generated
 14. Parameter Settings for Inferred Entity Instance: Ahmes:inst|memoria:inst9|altsyncram:Mux7_rtl_0
 15. altsyncram Parameter Settings by Entity Instance
 16. Elapsed Time Per Partition
 17. Analysis & Synthesis Messages



----------------
; Legal Notice ;
----------------
Copyright (C) 1991-2013 Altera Corporation
Your use of Altera Corporation's design tools, logic functions 
and other software and tools, and its AMPP partner logic 
functions, and any output files from any of the foregoing 
(including device programming or simulation files), and any 
associated documentation or information are expressly subject 
to the terms and conditions of the Altera Program License 
Subscription Agreement, Altera MegaCore Function License 
Agreement, or other applicable license agreement, including, 
without limitation, that your use is for the sole purpose of 
programming logic devices manufactured by Altera and sold by 
Altera or its authorized distributors.  Please refer to the 
applicable agreement for further details.



+---------------------------------------------------------------------------------+
; Analysis & Synthesis Summary                                                    ;
+------------------------------------+--------------------------------------------+
; Analysis & Synthesis Status        ; Successful - Tue Sep 06 17:07:17 2022      ;
; Quartus II 64-Bit Version          ; 13.1.0 Build 162 10/23/2013 SJ Web Edition ;
; Revision Name                      ; final_work                                 ;
; Top-level Entity Name              ; final_work                                 ;
; Family                             ; Cyclone III                                ;
; Total logic elements               ; 163                                        ;
;     Total combinational functions  ; 159                                        ;
;     Dedicated logic registers      ; 58                                         ;
; Total registers                    ; 58                                         ;
; Total pins                         ; 35                                         ;
; Total virtual pins                 ; 0                                          ;
; Total memory bits                  ; 2,048                                      ;
; Embedded Multiplier 9-bit elements ; 0                                          ;
; Total PLLs                         ; 0                                          ;
+------------------------------------+--------------------------------------------+


+----------------------------------------------------------------------------------------------------------------------+
; Analysis & Synthesis Settings                                                                                        ;
+----------------------------------------------------------------------------+--------------------+--------------------+
; Option                                                                     ; Setting            ; Default Value      ;
+----------------------------------------------------------------------------+--------------------+--------------------+
; Device                                                                     ; EP3C16F484C6       ;                    ;
; Top-level entity name                                                      ; final_work         ; final_work         ;
; Family name                                                                ; Cyclone III        ; Cyclone IV GX      ;
; Use smart compilation                                                      ; Off                ; Off                ;
; Enable parallel Assembler and TimeQuest Timing Analyzer during compilation ; On                 ; On                 ;
; Enable compact report table                                                ; Off                ; Off                ;
; Restructure Multiplexers                                                   ; Auto               ; Auto               ;
; Create Debugging Nodes for IP Cores                                        ; Off                ; Off                ;
; Preserve fewer node names                                                  ; On                 ; On                 ;
; Disable OpenCore Plus hardware evaluation                                  ; Off                ; Off                ;
; Verilog Version                                                            ; Verilog_2001       ; Verilog_2001       ;
; VHDL Version                                                               ; VHDL_1993          ; VHDL_1993          ;
; State Machine Processing                                                   ; Auto               ; Auto               ;
; Safe State Machine                                                         ; Off                ; Off                ;
; Extract Verilog State Machines                                             ; On                 ; On                 ;
; Extract VHDL State Machines                                                ; On                 ; On                 ;
; Ignore Verilog initial constructs                                          ; Off                ; Off                ;
; Iteration limit for constant Verilog loops                                 ; 5000               ; 5000               ;
; Iteration limit for non-constant Verilog loops                             ; 250                ; 250                ;
; Add Pass-Through Logic to Inferred RAMs                                    ; On                 ; On                 ;
; Infer RAMs from Raw Logic                                                  ; On                 ; On                 ;
; Parallel Synthesis                                                         ; On                 ; On                 ;
; DSP Block Balancing                                                        ; Auto               ; Auto               ;
; NOT Gate Push-Back                                                         ; On                 ; On                 ;
; Power-Up Don't Care                                                        ; On                 ; On                 ;
; Remove Redundant Logic Cells                                               ; Off                ; Off                ;
; Remove Duplicate Registers                                                 ; On                 ; On                 ;
; Ignore CARRY Buffers                                                       ; Off                ; Off                ;
; Ignore CASCADE Buffers                                                     ; Off                ; Off                ;
; Ignore GLOBAL Buffers                                                      ; Off                ; Off                ;
; Ignore ROW GLOBAL Buffers                                                  ; Off                ; Off                ;
; Ignore LCELL Buffers                                                       ; Off                ; Off                ;
; Ignore SOFT Buffers                                                        ; On                 ; On                 ;
; Limit AHDL Integers to 32 Bits                                             ; Off                ; Off                ;
; Optimization Technique                                                     ; Balanced           ; Balanced           ;
; Carry Chain Length                                                         ; 70                 ; 70                 ;
; Auto Carry Chains                                                          ; On                 ; On                 ;
; Auto Open-Drain Pins                                                       ; On                 ; On                 ;
; Perform WYSIWYG Primitive Resynthesis                                      ; Off                ; Off                ;
; Auto ROM Replacement                                                       ; On                 ; On                 ;
; Auto RAM Replacement                                                       ; On                 ; On                 ;
; Auto DSP Block Replacement                                                 ; On                 ; On                 ;
; Auto Shift Register Replacement                                            ; Auto               ; Auto               ;
; Allow Shift Register Merging across Hierarchies                            ; Auto               ; Auto               ;
; Auto Clock Enable Replacement                                              ; On                 ; On                 ;
; Strict RAM Replacement                                                     ; Off                ; Off                ;
; Allow Synchronous Control Signals                                          ; On                 ; On                 ;
; Force Use of Synchronous Clear Signals                                     ; Off                ; Off                ;
; Auto RAM Block Balancing                                                   ; On                 ; On                 ;
; Auto RAM to Logic Cell Conversion                                          ; Off                ; Off                ;
; Auto Resource Sharing                                                      ; Off                ; Off                ;
; Allow Any RAM Size For Recognition                                         ; Off                ; Off                ;
; Allow Any ROM Size For Recognition                                         ; Off                ; Off                ;
; Allow Any Shift Register Size For Recognition                              ; Off                ; Off                ;
; Use LogicLock Constraints during Resource Balancing                        ; On                 ; On                 ;
; Ignore translate_off and synthesis_off directives                          ; Off                ; Off                ;
; Timing-Driven Synthesis                                                    ; On                 ; On                 ;
; Report Parameter Settings                                                  ; On                 ; On                 ;
; Report Source Assignments                                                  ; On                 ; On                 ;
; Report Connectivity Checks                                                 ; On                 ; On                 ;
; Ignore Maximum Fan-Out Assignments                                         ; Off                ; Off                ;
; Synchronization Register Chain Length                                      ; 2                  ; 2                  ;
; PowerPlay Power Optimization                                               ; Normal compilation ; Normal compilation ;
; HDL message level                                                          ; Level2             ; Level2             ;
; Suppress Register Optimization Related Messages                            ; Off                ; Off                ;
; Number of Removed Registers Reported in Synthesis Report                   ; 5000               ; 5000               ;
; Number of Swept Nodes Reported in Synthesis Report                         ; 5000               ; 5000               ;
; Number of Inverted Registers Reported in Synthesis Report                  ; 100                ; 100                ;
; Clock MUX Protection                                                       ; On                 ; On                 ;
; Auto Gated Clock Conversion                                                ; Off                ; Off                ;
; Block Design Naming                                                        ; Auto               ; Auto               ;
; SDC constraint protection                                                  ; Off                ; Off                ;
; Synthesis Effort                                                           ; Auto               ; Auto               ;
; Shift Register Replacement - Allow Asynchronous Clear Signal               ; On                 ; On                 ;
; Pre-Mapping Resynthesis Optimization                                       ; Off                ; Off                ;
; Analysis & Synthesis Message Level                                         ; Medium             ; Medium             ;
; Disable Register Merging Across Hierarchies                                ; Auto               ; Auto               ;
; Resource Aware Inference For Block RAM                                     ; On                 ; On                 ;
; Synthesis Seed                                                             ; 1                  ; 1                  ;
+----------------------------------------------------------------------------+--------------------+--------------------+


Parallel compilation was disabled, but you have multiple processors available. Enable parallel compilation to reduce compilation time.
+-------------------------------------+
; Parallel Compilation                ;
+----------------------------+--------+
; Processors                 ; Number ;
+----------------------------+--------+
; Number detected on machine ; 12     ;
; Maximum allowed            ; 1      ;
+----------------------------+--------+


+--------------------------------------------------------------------------------------------------------------------------------------------------------------------------------+
; Analysis & Synthesis Source Files Read                                                                                                                                         ;
+----------------------------------+-----------------+------------------------------------------+----------------------------------------------------------------------+---------+
; File Name with User-Entered Path ; Used in Netlist ; File Type                                ; File Name with Absolute Path                                         ; Library ;
+----------------------------------+-----------------+------------------------------------------+----------------------------------------------------------------------+---------+
; mux2x1.bdf                       ; yes             ; User Block Diagram/Schematic File        ; D:/Github/digital_circuits_processor1/mux2x1.bdf                     ;         ;
; mux4x1.bdf                       ; yes             ; User Block Diagram/Schematic File        ; D:/Github/digital_circuits_processor1/mux4x1.bdf                     ;         ;
; mux8x1.bdf                       ; yes             ; User Block Diagram/Schematic File        ; D:/Github/digital_circuits_processor1/mux8x1.bdf                     ;         ;
; decod3x8.bdf                     ; yes             ; User Block Diagram/Schematic File        ; D:/Github/digital_circuits_processor1/decod3x8.bdf                   ;         ;
; decod4x16.bdf                    ; yes             ; User Block Diagram/Schematic File        ; D:/Github/digital_circuits_processor1/decod4x16.bdf                  ;         ;
; and_8bits.bdf                    ; yes             ; User Block Diagram/Schematic File        ; D:/Github/digital_circuits_processor1/and_8bits.bdf                  ;         ;
; or_8bits.bdf                     ; yes             ; User Block Diagram/Schematic File        ; D:/Github/digital_circuits_processor1/or_8bits.bdf                   ;         ;
; not_8bits.bdf                    ; yes             ; User Block Diagram/Schematic File        ; D:/Github/digital_circuits_processor1/not_8bits.bdf                  ;         ;
; mux8x1_8bits.bdf                 ; yes             ; User Block Diagram/Schematic File        ; D:/Github/digital_circuits_processor1/mux8x1_8bits.bdf               ;         ;
; mux2x1_8bits.bdf                 ; yes             ; User Block Diagram/Schematic File        ; D:/Github/digital_circuits_processor1/mux2x1_8bits.bdf               ;         ;
; Ahmes.bdf                        ; yes             ; User Block Diagram/Schematic File        ; D:/Github/digital_circuits_processor1/Ahmes.bdf                      ;         ;
; zero_check.bdf                   ; yes             ; User Block Diagram/Schematic File        ; D:/Github/digital_circuits_processor1/zero_check.bdf                 ;         ;
; final_work.bdf                   ; yes             ; User Block Diagram/Schematic File        ; D:/Github/digital_circuits_processor1/final_work.bdf                 ;         ;
; negative_check.bdf               ; yes             ; User Block Diagram/Schematic File        ; D:/Github/digital_circuits_processor1/negative_check.bdf             ;         ;
; control_unit.bdf                 ; yes             ; User Block Diagram/Schematic File        ; D:/Github/digital_circuits_processor1/control_unit.bdf               ;         ;
; reg_8_bits.bdf                   ; yes             ; User Block Diagram/Schematic File        ; D:/Github/digital_circuits_processor1/reg_8_bits.bdf                 ;         ;
; neander_alu.bdf                  ; yes             ; User Block Diagram/Schematic File        ; D:/Github/digital_circuits_processor1/neander_alu.bdf                ;         ;
; freq_div25_select.bdf            ; yes             ; User Block Diagram/Schematic File        ; D:/Github/digital_circuits_processor1/freq_div25_select.bdf          ;         ;
; teste.vhd                        ; yes             ; User VHDL File                           ; D:/Github/digital_circuits_processor1/teste.vhd                      ;         ;
; 8_bits_adder.bdf                 ; yes             ; Auto-Found Block Diagram/Schematic File  ; D:/Github/digital_circuits_processor1/8_bits_adder.bdf               ;         ;
; full_adder.bdf                   ; yes             ; Auto-Found Block Diagram/Schematic File  ; D:/Github/digital_circuits_processor1/full_adder.bdf                 ;         ;
; half_adder.bdf                   ; yes             ; Auto-Found Block Diagram/Schematic File  ; D:/Github/digital_circuits_processor1/half_adder.bdf                 ;         ;
; freq_div.bdf                     ; yes             ; Auto-Found Block Diagram/Schematic File  ; D:/Github/digital_circuits_processor1/freq_div.bdf                   ;         ;
; counter_8_bits.bdf               ; yes             ; Auto-Found Block Diagram/Schematic File  ; D:/Github/digital_circuits_processor1/counter_8_bits.bdf             ;         ;
; generic_counter.bdf              ; yes             ; Auto-Found Block Diagram/Schematic File  ; D:/Github/digital_circuits_processor1/generic_counter.bdf            ;         ;
; display_7_seg.bdf                ; yes             ; Auto-Found Block Diagram/Schematic File  ; D:/Github/digital_circuits_processor1/display_7_seg.bdf              ;         ;
; altsyncram.tdf                   ; yes             ; Megafunction                             ; c:/altera/13.1/quartus/libraries/megafunctions/altsyncram.tdf        ;         ;
; stratix_ram_block.inc            ; yes             ; Megafunction                             ; c:/altera/13.1/quartus/libraries/megafunctions/stratix_ram_block.inc ;         ;
; lpm_mux.inc                      ; yes             ; Megafunction                             ; c:/altera/13.1/quartus/libraries/megafunctions/lpm_mux.inc           ;         ;
; lpm_decode.inc                   ; yes             ; Megafunction                             ; c:/altera/13.1/quartus/libraries/megafunctions/lpm_decode.inc        ;         ;
; aglobal131.inc                   ; yes             ; Megafunction                             ; c:/altera/13.1/quartus/libraries/megafunctions/aglobal131.inc        ;         ;
; a_rdenreg.inc                    ; yes             ; Megafunction                             ; c:/altera/13.1/quartus/libraries/megafunctions/a_rdenreg.inc         ;         ;
; altrom.inc                       ; yes             ; Megafunction                             ; c:/altera/13.1/quartus/libraries/megafunctions/altrom.inc            ;         ;
; altram.inc                       ; yes             ; Megafunction                             ; c:/altera/13.1/quartus/libraries/megafunctions/altram.inc            ;         ;
; altdpram.inc                     ; yes             ; Megafunction                             ; c:/altera/13.1/quartus/libraries/megafunctions/altdpram.inc          ;         ;
; db/altsyncram_lv01.tdf           ; yes             ; Auto-Generated Megafunction              ; D:/Github/digital_circuits_processor1/db/altsyncram_lv01.tdf         ;         ;
+----------------------------------+-----------------+------------------------------------------+----------------------------------------------------------------------+---------+


+-------------------------------------------------------------------------------------------------------------------+
; Analysis & Synthesis Resource Usage Summary                                                                       ;
+---------------------------------------------+---------------------------------------------------------------------+
; Resource                                    ; Usage                                                               ;
+---------------------------------------------+---------------------------------------------------------------------+
; Estimated Total logic elements              ; 163                                                                 ;
;                                             ;                                                                     ;
; Total combinational functions               ; 159                                                                 ;
; Logic element usage by number of LUT inputs ;                                                                     ;
;     -- 4 input functions                    ; 75                                                                  ;
;     -- 3 input functions                    ; 48                                                                  ;
;     -- <=2 input functions                  ; 36                                                                  ;
;                                             ;                                                                     ;
; Logic elements by mode                      ;                                                                     ;
;     -- normal mode                          ; 159                                                                 ;
;     -- arithmetic mode                      ; 0                                                                   ;
;                                             ;                                                                     ;
; Total registers                             ; 58                                                                  ;
;     -- Dedicated logic registers            ; 58                                                                  ;
;     -- I/O registers                        ; 0                                                                   ;
;                                             ;                                                                     ;
; I/O pins                                    ; 35                                                                  ;
; Total memory bits                           ; 2048                                                                ;
; Embedded Multiplier 9-bit elements          ; 0                                                                   ;
; Maximum fan-out node                        ; Ahmes:inst|freq_div25_select:inst6|mux8x1:inst25|mux2x1:inst1|inst2 ;
; Maximum fan-out                             ; 41                                                                  ;
; Total fan-out                               ; 818                                                                 ;
; Average fan-out                             ; 2.77                                                                ;
+---------------------------------------------+---------------------------------------------------------------------+


+----------------------------------------------------------------------------------------------------------------------------------------------------------------------------------------------------------------------------------------------------------------------------------------+
; Analysis & Synthesis Resource Utilization by Entity                                                                                                                                                                                                                                    ;
+----------------------------------------------+-------------------+--------------+-------------+--------------+---------+-----------+------+--------------+--------------------------------------------------------------------------------------------------------------+--------------+
; Compilation Hierarchy Node                   ; LC Combinationals ; LC Registers ; Memory Bits ; DSP Elements ; DSP 9x9 ; DSP 18x18 ; Pins ; Virtual Pins ; Full Hierarchy Name                                                                                          ; Library Name ;
+----------------------------------------------+-------------------+--------------+-------------+--------------+---------+-----------+------+--------------+--------------------------------------------------------------------------------------------------------------+--------------+
; |final_work                                  ; 159 (0)           ; 58 (0)       ; 2048        ; 0            ; 0       ; 0         ; 35   ; 0            ; |final_work                                                                                                  ; work         ;
;    |Ahmes:inst|                              ; 159 (7)           ; 58 (2)       ; 2048        ; 0            ; 0       ; 0         ; 0    ; 0            ; |final_work|Ahmes:inst                                                                                       ; work         ;
;       |control_unit:inst|                    ; 22 (15)           ; 3 (0)        ; 0           ; 0            ; 0       ; 0         ; 0    ; 0            ; |final_work|Ahmes:inst|control_unit:inst                                                                     ; work         ;
;          |counter_8_bits:inst2|              ; 4 (0)             ; 3 (0)        ; 0           ; 0            ; 0       ; 0         ; 0    ; 0            ; |final_work|Ahmes:inst|control_unit:inst|counter_8_bits:inst2                                                ; work         ;
;             |generic_counter:inst3|          ; 1 (0)             ; 1 (1)        ; 0           ; 0            ; 0       ; 0         ; 0    ; 0            ; |final_work|Ahmes:inst|control_unit:inst|counter_8_bits:inst2|generic_counter:inst3                          ; work         ;
;                |mux4x1:inst|                 ; 1 (0)             ; 0 (0)        ; 0           ; 0            ; 0       ; 0         ; 0    ; 0            ; |final_work|Ahmes:inst|control_unit:inst|counter_8_bits:inst2|generic_counter:inst3|mux4x1:inst              ; work         ;
;                   |mux2x1:inst2|             ; 1 (1)             ; 0 (0)        ; 0           ; 0            ; 0       ; 0         ; 0    ; 0            ; |final_work|Ahmes:inst|control_unit:inst|counter_8_bits:inst2|generic_counter:inst3|mux4x1:inst|mux2x1:inst2 ; work         ;
;             |generic_counter:inst4|          ; 2 (1)             ; 1 (1)        ; 0           ; 0            ; 0       ; 0         ; 0    ; 0            ; |final_work|Ahmes:inst|control_unit:inst|counter_8_bits:inst2|generic_counter:inst4                          ; work         ;
;                |mux4x1:inst|                 ; 1 (0)             ; 0 (0)        ; 0           ; 0            ; 0       ; 0         ; 0    ; 0            ; |final_work|Ahmes:inst|control_unit:inst|counter_8_bits:inst2|generic_counter:inst4|mux4x1:inst              ; work         ;
;                   |mux2x1:inst2|             ; 1 (1)             ; 0 (0)        ; 0           ; 0            ; 0       ; 0         ; 0    ; 0            ; |final_work|Ahmes:inst|control_unit:inst|counter_8_bits:inst2|generic_counter:inst4|mux4x1:inst|mux2x1:inst2 ; work         ;
;             |generic_counter:inst|           ; 1 (1)             ; 1 (1)        ; 0           ; 0            ; 0       ; 0         ; 0    ; 0            ; |final_work|Ahmes:inst|control_unit:inst|counter_8_bits:inst2|generic_counter:inst                           ; work         ;
;          |decod3x8:inst|                     ; 3 (3)             ; 0 (0)        ; 0           ; 0            ; 0       ; 0         ; 0    ; 0            ; |final_work|Ahmes:inst|control_unit:inst|decod3x8:inst                                                       ; work         ;
;       |counter_8_bits:PC|                    ; 19 (0)            ; 8 (0)        ; 0           ; 0            ; 0       ; 0         ; 0    ; 0            ; |final_work|Ahmes:inst|counter_8_bits:PC                                                                     ; work         ;
;          |generic_counter:inst3|             ; 2 (2)             ; 1 (1)        ; 0           ; 0            ; 0       ; 0         ; 0    ; 0            ; |final_work|Ahmes:inst|counter_8_bits:PC|generic_counter:inst3                                               ; work         ;
;          |generic_counter:inst4|             ; 2 (2)             ; 1 (1)        ; 0           ; 0            ; 0       ; 0         ; 0    ; 0            ; |final_work|Ahmes:inst|counter_8_bits:PC|generic_counter:inst4                                               ; work         ;
;          |generic_counter:inst5|             ; 3 (3)             ; 1 (1)        ; 0           ; 0            ; 0       ; 0         ; 0    ; 0            ; |final_work|Ahmes:inst|counter_8_bits:PC|generic_counter:inst5                                               ; work         ;
;          |generic_counter:inst6|             ; 2 (2)             ; 1 (1)        ; 0           ; 0            ; 0       ; 0         ; 0    ; 0            ; |final_work|Ahmes:inst|counter_8_bits:PC|generic_counter:inst6                                               ; work         ;
;          |generic_counter:inst7|             ; 2 (2)             ; 1 (1)        ; 0           ; 0            ; 0       ; 0         ; 0    ; 0            ; |final_work|Ahmes:inst|counter_8_bits:PC|generic_counter:inst7                                               ; work         ;
;          |generic_counter:inst8|             ; 3 (3)             ; 1 (1)        ; 0           ; 0            ; 0       ; 0         ; 0    ; 0            ; |final_work|Ahmes:inst|counter_8_bits:PC|generic_counter:inst8                                               ; work         ;
;          |generic_counter:inst9|             ; 2 (2)             ; 1 (1)        ; 0           ; 0            ; 0       ; 0         ; 0    ; 0            ; |final_work|Ahmes:inst|counter_8_bits:PC|generic_counter:inst9                                               ; work         ;
;          |generic_counter:inst|              ; 3 (1)             ; 1 (1)        ; 0           ; 0            ; 0       ; 0         ; 0    ; 0            ; |final_work|Ahmes:inst|counter_8_bits:PC|generic_counter:inst                                                ; work         ;
;             |mux4x1:inst|                    ; 2 (0)             ; 0 (0)        ; 0           ; 0            ; 0       ; 0         ; 0    ; 0            ; |final_work|Ahmes:inst|counter_8_bits:PC|generic_counter:inst|mux4x1:inst                                    ; work         ;
;                |mux2x1:inst|                 ; 2 (2)             ; 0 (0)        ; 0           ; 0            ; 0       ; 0         ; 0    ; 0            ; |final_work|Ahmes:inst|counter_8_bits:PC|generic_counter:inst|mux4x1:inst|mux2x1:inst                        ; work         ;
;       |display_7_seg:inst1|                  ; 7 (7)             ; 0 (0)        ; 0           ; 0            ; 0       ; 0         ; 0    ; 0            ; |final_work|Ahmes:inst|display_7_seg:inst1                                                                   ; work         ;
;       |display_7_seg:inst2|                  ; 7 (7)             ; 0 (0)        ; 0           ; 0            ; 0       ; 0         ; 0    ; 0            ; |final_work|Ahmes:inst|display_7_seg:inst2                                                                   ; work         ;
;       |display_7_seg:inst4|                  ; 7 (7)             ; 0 (0)        ; 0           ; 0            ; 0       ; 0         ; 0    ; 0            ; |final_work|Ahmes:inst|display_7_seg:inst4                                                                   ; work         ;
;       |display_7_seg:inst5|                  ; 7 (7)             ; 0 (0)        ; 0           ; 0            ; 0       ; 0         ; 0    ; 0            ; |final_work|Ahmes:inst|display_7_seg:inst5                                                                   ; work         ;
;       |freq_div25_select:inst6|              ; 32 (0)            ; 25 (0)       ; 0           ; 0            ; 0       ; 0         ; 0    ; 0            ; |final_work|Ahmes:inst|freq_div25_select:inst6                                                               ; work         ;
;          |freq_div:inst10|                   ; 1 (1)             ; 1 (1)        ; 0           ; 0            ; 0       ; 0         ; 0    ; 0            ; |final_work|Ahmes:inst|freq_div25_select:inst6|freq_div:inst10                                               ; work         ;
;          |freq_div:inst11|                   ; 1 (1)             ; 1 (1)        ; 0           ; 0            ; 0       ; 0         ; 0    ; 0            ; |final_work|Ahmes:inst|freq_div25_select:inst6|freq_div:inst11                                               ; work         ;
;          |freq_div:inst12|                   ; 1 (1)             ; 1 (1)        ; 0           ; 0            ; 0       ; 0         ; 0    ; 0            ; |final_work|Ahmes:inst|freq_div25_select:inst6|freq_div:inst12                                               ; work         ;
;          |freq_div:inst13|                   ; 1 (1)             ; 1 (1)        ; 0           ; 0            ; 0       ; 0         ; 0    ; 0            ; |final_work|Ahmes:inst|freq_div25_select:inst6|freq_div:inst13                                               ; work         ;
;          |freq_div:inst14|                   ; 1 (1)             ; 1 (1)        ; 0           ; 0            ; 0       ; 0         ; 0    ; 0            ; |final_work|Ahmes:inst|freq_div25_select:inst6|freq_div:inst14                                               ; work         ;
;          |freq_div:inst15|                   ; 1 (1)             ; 1 (1)        ; 0           ; 0            ; 0       ; 0         ; 0    ; 0            ; |final_work|Ahmes:inst|freq_div25_select:inst6|freq_div:inst15                                               ; work         ;
;          |freq_div:inst16|                   ; 1 (1)             ; 1 (1)        ; 0           ; 0            ; 0       ; 0         ; 0    ; 0            ; |final_work|Ahmes:inst|freq_div25_select:inst6|freq_div:inst16                                               ; work         ;
;          |freq_div:inst17|                   ; 1 (1)             ; 1 (1)        ; 0           ; 0            ; 0       ; 0         ; 0    ; 0            ; |final_work|Ahmes:inst|freq_div25_select:inst6|freq_div:inst17                                               ; work         ;
;          |freq_div:inst18|                   ; 1 (1)             ; 1 (1)        ; 0           ; 0            ; 0       ; 0         ; 0    ; 0            ; |final_work|Ahmes:inst|freq_div25_select:inst6|freq_div:inst18                                               ; work         ;
;          |freq_div:inst19|                   ; 1 (1)             ; 1 (1)        ; 0           ; 0            ; 0       ; 0         ; 0    ; 0            ; |final_work|Ahmes:inst|freq_div25_select:inst6|freq_div:inst19                                               ; work         ;
;          |freq_div:inst1|                    ; 1 (1)             ; 1 (1)        ; 0           ; 0            ; 0       ; 0         ; 0    ; 0            ; |final_work|Ahmes:inst|freq_div25_select:inst6|freq_div:inst1                                                ; work         ;
;          |freq_div:inst20|                   ; 1 (1)             ; 1 (1)        ; 0           ; 0            ; 0       ; 0         ; 0    ; 0            ; |final_work|Ahmes:inst|freq_div25_select:inst6|freq_div:inst20                                               ; work         ;
;          |freq_div:inst21|                   ; 1 (1)             ; 1 (1)        ; 0           ; 0            ; 0       ; 0         ; 0    ; 0            ; |final_work|Ahmes:inst|freq_div25_select:inst6|freq_div:inst21                                               ; work         ;
;          |freq_div:inst22|                   ; 1 (1)             ; 1 (1)        ; 0           ; 0            ; 0       ; 0         ; 0    ; 0            ; |final_work|Ahmes:inst|freq_div25_select:inst6|freq_div:inst22                                               ; work         ;
;          |freq_div:inst23|                   ; 1 (1)             ; 1 (1)        ; 0           ; 0            ; 0       ; 0         ; 0    ; 0            ; |final_work|Ahmes:inst|freq_div25_select:inst6|freq_div:inst23                                               ; work         ;
;          |freq_div:inst24|                   ; 1 (1)             ; 1 (1)        ; 0           ; 0            ; 0       ; 0         ; 0    ; 0            ; |final_work|Ahmes:inst|freq_div25_select:inst6|freq_div:inst24                                               ; work         ;
;          |freq_div:inst2|                    ; 1 (1)             ; 1 (1)        ; 0           ; 0            ; 0       ; 0         ; 0    ; 0            ; |final_work|Ahmes:inst|freq_div25_select:inst6|freq_div:inst2                                                ; work         ;
;          |freq_div:inst3|                    ; 1 (1)             ; 1 (1)        ; 0           ; 0            ; 0       ; 0         ; 0    ; 0            ; |final_work|Ahmes:inst|freq_div25_select:inst6|freq_div:inst3                                                ; work         ;
;          |freq_div:inst4|                    ; 1 (1)             ; 1 (1)        ; 0           ; 0            ; 0       ; 0         ; 0    ; 0            ; |final_work|Ahmes:inst|freq_div25_select:inst6|freq_div:inst4                                                ; work         ;
;          |freq_div:inst5|                    ; 1 (1)             ; 1 (1)        ; 0           ; 0            ; 0       ; 0         ; 0    ; 0            ; |final_work|Ahmes:inst|freq_div25_select:inst6|freq_div:inst5                                                ; work         ;
;          |freq_div:inst6|                    ; 1 (1)             ; 1 (1)        ; 0           ; 0            ; 0       ; 0         ; 0    ; 0            ; |final_work|Ahmes:inst|freq_div25_select:inst6|freq_div:inst6                                                ; work         ;
;          |freq_div:inst7|                    ; 1 (1)             ; 1 (1)        ; 0           ; 0            ; 0       ; 0         ; 0    ; 0            ; |final_work|Ahmes:inst|freq_div25_select:inst6|freq_div:inst7                                                ; work         ;
;          |freq_div:inst8|                    ; 1 (1)             ; 1 (1)        ; 0           ; 0            ; 0       ; 0         ; 0    ; 0            ; |final_work|Ahmes:inst|freq_div25_select:inst6|freq_div:inst8                                                ; work         ;
;          |freq_div:inst9|                    ; 1 (1)             ; 1 (1)        ; 0           ; 0            ; 0       ; 0         ; 0    ; 0            ; |final_work|Ahmes:inst|freq_div25_select:inst6|freq_div:inst9                                                ; work         ;
;          |freq_div:inst|                     ; 1 (1)             ; 1 (1)        ; 0           ; 0            ; 0       ; 0         ; 0    ; 0            ; |final_work|Ahmes:inst|freq_div25_select:inst6|freq_div:inst                                                 ; work         ;
;          |mux8x1:inst25|                     ; 7 (0)             ; 0 (0)        ; 0           ; 0            ; 0       ; 0         ; 0    ; 0            ; |final_work|Ahmes:inst|freq_div25_select:inst6|mux8x1:inst25                                                 ; work         ;
;             |mux2x1:inst1|                   ; 1 (1)             ; 0 (0)        ; 0           ; 0            ; 0       ; 0         ; 0    ; 0            ; |final_work|Ahmes:inst|freq_div25_select:inst6|mux8x1:inst25|mux2x1:inst1                                    ; work         ;
;             |mux4x1:inst2|                   ; 3 (0)             ; 0 (0)        ; 0           ; 0            ; 0       ; 0         ; 0    ; 0            ; |final_work|Ahmes:inst|freq_div25_select:inst6|mux8x1:inst25|mux4x1:inst2                                    ; work         ;
;                |mux2x1:inst2|                ; 3 (3)             ; 0 (0)        ; 0           ; 0            ; 0       ; 0         ; 0    ; 0            ; |final_work|Ahmes:inst|freq_div25_select:inst6|mux8x1:inst25|mux4x1:inst2|mux2x1:inst2                       ; work         ;
;             |mux4x1:inst|                    ; 3 (0)             ; 0 (0)        ; 0           ; 0            ; 0       ; 0         ; 0    ; 0            ; |final_work|Ahmes:inst|freq_div25_select:inst6|mux8x1:inst25|mux4x1:inst                                     ; work         ;
;                |mux2x1:inst2|                ; 3 (3)             ; 0 (0)        ; 0           ; 0            ; 0       ; 0         ; 0    ; 0            ; |final_work|Ahmes:inst|freq_div25_select:inst6|mux8x1:inst25|mux4x1:inst|mux2x1:inst2                        ; work         ;
;       |memoria:inst9|                        ; 0 (0)             ; 0 (0)        ; 2048        ; 0            ; 0       ; 0         ; 0    ; 0            ; |final_work|Ahmes:inst|memoria:inst9                                                                         ; work         ;
;          |altsyncram:Mux7_rtl_0|             ; 0 (0)             ; 0 (0)        ; 2048        ; 0            ; 0       ; 0         ; 0    ; 0            ; |final_work|Ahmes:inst|memoria:inst9|altsyncram:Mux7_rtl_0                                                   ; work         ;
;             |altsyncram_lv01:auto_generated| ; 0 (0)             ; 0 (0)        ; 2048        ; 0            ; 0       ; 0         ; 0    ; 0            ; |final_work|Ahmes:inst|memoria:inst9|altsyncram:Mux7_rtl_0|altsyncram_lv01:auto_generated                    ; work         ;
;       |mux2x1_8bits:inst3|                   ; 8 (0)             ; 0 (0)        ; 0           ; 0            ; 0       ; 0         ; 0    ; 0            ; |final_work|Ahmes:inst|mux2x1_8bits:inst3                                                                    ; work         ;
;          |mux2x1:inst1|                      ; 1 (1)             ; 0 (0)        ; 0           ; 0            ; 0       ; 0         ; 0    ; 0            ; |final_work|Ahmes:inst|mux2x1_8bits:inst3|mux2x1:inst1                                                       ; work         ;
;          |mux2x1:inst2|                      ; 1 (1)             ; 0 (0)        ; 0           ; 0            ; 0       ; 0         ; 0    ; 0            ; |final_work|Ahmes:inst|mux2x1_8bits:inst3|mux2x1:inst2                                                       ; work         ;
;          |mux2x1:inst3|                      ; 1 (1)             ; 0 (0)        ; 0           ; 0            ; 0       ; 0         ; 0    ; 0            ; |final_work|Ahmes:inst|mux2x1_8bits:inst3|mux2x1:inst3                                                       ; work         ;
;          |mux2x1:inst4|                      ; 1 (1)             ; 0 (0)        ; 0           ; 0            ; 0       ; 0         ; 0    ; 0            ; |final_work|Ahmes:inst|mux2x1_8bits:inst3|mux2x1:inst4                                                       ; work         ;
;          |mux2x1:inst5|                      ; 1 (1)             ; 0 (0)        ; 0           ; 0            ; 0       ; 0         ; 0    ; 0            ; |final_work|Ahmes:inst|mux2x1_8bits:inst3|mux2x1:inst5                                                       ; work         ;
;          |mux2x1:inst6|                      ; 1 (1)             ; 0 (0)        ; 0           ; 0            ; 0       ; 0         ; 0    ; 0            ; |final_work|Ahmes:inst|mux2x1_8bits:inst3|mux2x1:inst6                                                       ; work         ;
;          |mux2x1:inst7|                      ; 1 (1)             ; 0 (0)        ; 0           ; 0            ; 0       ; 0         ; 0    ; 0            ; |final_work|Ahmes:inst|mux2x1_8bits:inst3|mux2x1:inst7                                                       ; work         ;
;          |mux2x1:inst|                       ; 1 (1)             ; 0 (0)        ; 0           ; 0            ; 0       ; 0         ; 0    ; 0            ; |final_work|Ahmes:inst|mux2x1_8bits:inst3|mux2x1:inst                                                        ; work         ;
;       |neander_alu:inst22|                   ; 43 (0)            ; 0 (0)        ; 0           ; 0            ; 0       ; 0         ; 0    ; 0            ; |final_work|Ahmes:inst|neander_alu:inst22                                                                    ; work         ;
;          |8_bits_adder:inst|                 ; 14 (0)            ; 0 (0)        ; 0           ; 0            ; 0       ; 0         ; 0    ; 0            ; |final_work|Ahmes:inst|neander_alu:inst22|8_bits_adder:inst                                                  ; work         ;
;             |full_adder:inst1|               ; 2 (1)             ; 0 (0)        ; 0           ; 0            ; 0       ; 0         ; 0    ; 0            ; |final_work|Ahmes:inst|neander_alu:inst22|8_bits_adder:inst|full_adder:inst1                                 ; work         ;
;                |half_adder:inst1|            ; 1 (1)             ; 0 (0)        ; 0           ; 0            ; 0       ; 0         ; 0    ; 0            ; |final_work|Ahmes:inst|neander_alu:inst22|8_bits_adder:inst|full_adder:inst1|half_adder:inst1                ; work         ;
;             |full_adder:inst2|               ; 3 (2)             ; 0 (0)        ; 0           ; 0            ; 0       ; 0         ; 0    ; 0            ; |final_work|Ahmes:inst|neander_alu:inst22|8_bits_adder:inst|full_adder:inst2                                 ; work         ;
;                |half_adder:inst1|            ; 1 (1)             ; 0 (0)        ; 0           ; 0            ; 0       ; 0         ; 0    ; 0            ; |final_work|Ahmes:inst|neander_alu:inst22|8_bits_adder:inst|full_adder:inst2|half_adder:inst1                ; work         ;
;             |full_adder:inst3|               ; 2 (1)             ; 0 (0)        ; 0           ; 0            ; 0       ; 0         ; 0    ; 0            ; |final_work|Ahmes:inst|neander_alu:inst22|8_bits_adder:inst|full_adder:inst3                                 ; work         ;
;                |half_adder:inst1|            ; 1 (1)             ; 0 (0)        ; 0           ; 0            ; 0       ; 0         ; 0    ; 0            ; |final_work|Ahmes:inst|neander_alu:inst22|8_bits_adder:inst|full_adder:inst3|half_adder:inst1                ; work         ;
;             |full_adder:inst4|               ; 2 (1)             ; 0 (0)        ; 0           ; 0            ; 0       ; 0         ; 0    ; 0            ; |final_work|Ahmes:inst|neander_alu:inst22|8_bits_adder:inst|full_adder:inst4                                 ; work         ;
;                |half_adder:inst1|            ; 1 (1)             ; 0 (0)        ; 0           ; 0            ; 0       ; 0         ; 0    ; 0            ; |final_work|Ahmes:inst|neander_alu:inst22|8_bits_adder:inst|full_adder:inst4|half_adder:inst1                ; work         ;
;             |full_adder:inst5|               ; 2 (2)             ; 0 (0)        ; 0           ; 0            ; 0       ; 0         ; 0    ; 0            ; |final_work|Ahmes:inst|neander_alu:inst22|8_bits_adder:inst|full_adder:inst5                                 ; work         ;
;             |full_adder:inst6|               ; 1 (0)             ; 0 (0)        ; 0           ; 0            ; 0       ; 0         ; 0    ; 0            ; |final_work|Ahmes:inst|neander_alu:inst22|8_bits_adder:inst|full_adder:inst6                                 ; work         ;
;                |half_adder:inst1|            ; 1 (1)             ; 0 (0)        ; 0           ; 0            ; 0       ; 0         ; 0    ; 0            ; |final_work|Ahmes:inst|neander_alu:inst22|8_bits_adder:inst|full_adder:inst6|half_adder:inst1                ; work         ;
;             |full_adder:inst7|               ; 2 (0)             ; 0 (0)        ; 0           ; 0            ; 0       ; 0         ; 0    ; 0            ; |final_work|Ahmes:inst|neander_alu:inst22|8_bits_adder:inst|full_adder:inst7                                 ; work         ;
;                |half_adder:inst1|            ; 2 (2)             ; 0 (0)        ; 0           ; 0            ; 0       ; 0         ; 0    ; 0            ; |final_work|Ahmes:inst|neander_alu:inst22|8_bits_adder:inst|full_adder:inst7|half_adder:inst1                ; work         ;
;          |mux8x1_8bits:inst12|               ; 26 (0)            ; 0 (0)        ; 0           ; 0            ; 0       ; 0         ; 0    ; 0            ; |final_work|Ahmes:inst|neander_alu:inst22|mux8x1_8bits:inst12                                                ; work         ;
;             |mux8x1:inst2|                   ; 4 (0)             ; 0 (0)        ; 0           ; 0            ; 0       ; 0         ; 0    ; 0            ; |final_work|Ahmes:inst|neander_alu:inst22|mux8x1_8bits:inst12|mux8x1:inst2                                   ; work         ;
;                |mux2x1:inst1|                ; 3 (3)             ; 0 (0)        ; 0           ; 0            ; 0       ; 0         ; 0    ; 0            ; |final_work|Ahmes:inst|neander_alu:inst22|mux8x1_8bits:inst12|mux8x1:inst2|mux2x1:inst1                      ; work         ;
;                |mux4x1:inst2|                ; 1 (0)             ; 0 (0)        ; 0           ; 0            ; 0       ; 0         ; 0    ; 0            ; |final_work|Ahmes:inst|neander_alu:inst22|mux8x1_8bits:inst12|mux8x1:inst2|mux4x1:inst2                      ; work         ;
;                   |mux2x1:inst|              ; 1 (1)             ; 0 (0)        ; 0           ; 0            ; 0       ; 0         ; 0    ; 0            ; |final_work|Ahmes:inst|neander_alu:inst22|mux8x1_8bits:inst12|mux8x1:inst2|mux4x1:inst2|mux2x1:inst          ; work         ;
;             |mux8x1:inst3|                   ; 3 (0)             ; 0 (0)        ; 0           ; 0            ; 0       ; 0         ; 0    ; 0            ; |final_work|Ahmes:inst|neander_alu:inst22|mux8x1_8bits:inst12|mux8x1:inst3                                   ; work         ;
;                |mux2x1:inst1|                ; 2 (2)             ; 0 (0)        ; 0           ; 0            ; 0       ; 0         ; 0    ; 0            ; |final_work|Ahmes:inst|neander_alu:inst22|mux8x1_8bits:inst12|mux8x1:inst3|mux2x1:inst1                      ; work         ;
;                |mux4x1:inst2|                ; 1 (0)             ; 0 (0)        ; 0           ; 0            ; 0       ; 0         ; 0    ; 0            ; |final_work|Ahmes:inst|neander_alu:inst22|mux8x1_8bits:inst12|mux8x1:inst3|mux4x1:inst2                      ; work         ;
;                   |mux2x1:inst|              ; 1 (1)             ; 0 (0)        ; 0           ; 0            ; 0       ; 0         ; 0    ; 0            ; |final_work|Ahmes:inst|neander_alu:inst22|mux8x1_8bits:inst12|mux8x1:inst3|mux4x1:inst2|mux2x1:inst          ; work         ;
;             |mux8x1:inst4|                   ; 3 (0)             ; 0 (0)        ; 0           ; 0            ; 0       ; 0         ; 0    ; 0            ; |final_work|Ahmes:inst|neander_alu:inst22|mux8x1_8bits:inst12|mux8x1:inst4                                   ; work         ;
;                |mux2x1:inst1|                ; 2 (2)             ; 0 (0)        ; 0           ; 0            ; 0       ; 0         ; 0    ; 0            ; |final_work|Ahmes:inst|neander_alu:inst22|mux8x1_8bits:inst12|mux8x1:inst4|mux2x1:inst1                      ; work         ;
;                |mux4x1:inst2|                ; 1 (0)             ; 0 (0)        ; 0           ; 0            ; 0       ; 0         ; 0    ; 0            ; |final_work|Ahmes:inst|neander_alu:inst22|mux8x1_8bits:inst12|mux8x1:inst4|mux4x1:inst2                      ; work         ;
;                   |mux2x1:inst|              ; 1 (1)             ; 0 (0)        ; 0           ; 0            ; 0       ; 0         ; 0    ; 0            ; |final_work|Ahmes:inst|neander_alu:inst22|mux8x1_8bits:inst12|mux8x1:inst4|mux4x1:inst2|mux2x1:inst          ; work         ;
;             |mux8x1:inst5|                   ; 3 (0)             ; 0 (0)        ; 0           ; 0            ; 0       ; 0         ; 0    ; 0            ; |final_work|Ahmes:inst|neander_alu:inst22|mux8x1_8bits:inst12|mux8x1:inst5                                   ; work         ;
;                |mux2x1:inst1|                ; 2 (2)             ; 0 (0)        ; 0           ; 0            ; 0       ; 0         ; 0    ; 0            ; |final_work|Ahmes:inst|neander_alu:inst22|mux8x1_8bits:inst12|mux8x1:inst5|mux2x1:inst1                      ; work         ;
;                |mux4x1:inst2|                ; 1 (0)             ; 0 (0)        ; 0           ; 0            ; 0       ; 0         ; 0    ; 0            ; |final_work|Ahmes:inst|neander_alu:inst22|mux8x1_8bits:inst12|mux8x1:inst5|mux4x1:inst2                      ; work         ;
;                   |mux2x1:inst|              ; 1 (1)             ; 0 (0)        ; 0           ; 0            ; 0       ; 0         ; 0    ; 0            ; |final_work|Ahmes:inst|neander_alu:inst22|mux8x1_8bits:inst12|mux8x1:inst5|mux4x1:inst2|mux2x1:inst          ; work         ;
;             |mux8x1:inst6|                   ; 4 (0)             ; 0 (0)        ; 0           ; 0            ; 0       ; 0         ; 0    ; 0            ; |final_work|Ahmes:inst|neander_alu:inst22|mux8x1_8bits:inst12|mux8x1:inst6                                   ; work         ;
;                |mux2x1:inst1|                ; 4 (4)             ; 0 (0)        ; 0           ; 0            ; 0       ; 0         ; 0    ; 0            ; |final_work|Ahmes:inst|neander_alu:inst22|mux8x1_8bits:inst12|mux8x1:inst6|mux2x1:inst1                      ; work         ;
;             |mux8x1:inst7|                   ; 3 (0)             ; 0 (0)        ; 0           ; 0            ; 0       ; 0         ; 0    ; 0            ; |final_work|Ahmes:inst|neander_alu:inst22|mux8x1_8bits:inst12|mux8x1:inst7                                   ; work         ;
;                |mux2x1:inst1|                ; 2 (2)             ; 0 (0)        ; 0           ; 0            ; 0       ; 0         ; 0    ; 0            ; |final_work|Ahmes:inst|neander_alu:inst22|mux8x1_8bits:inst12|mux8x1:inst7|mux2x1:inst1                      ; work         ;
;                |mux4x1:inst2|                ; 1 (0)             ; 0 (0)        ; 0           ; 0            ; 0       ; 0         ; 0    ; 0            ; |final_work|Ahmes:inst|neander_alu:inst22|mux8x1_8bits:inst12|mux8x1:inst7|mux4x1:inst2                      ; work         ;
;                   |mux2x1:inst|              ; 1 (1)             ; 0 (0)        ; 0           ; 0            ; 0       ; 0         ; 0    ; 0            ; |final_work|Ahmes:inst|neander_alu:inst22|mux8x1_8bits:inst12|mux8x1:inst7|mux4x1:inst2|mux2x1:inst          ; work         ;
;             |mux8x1:inst8|                   ; 3 (0)             ; 0 (0)        ; 0           ; 0            ; 0       ; 0         ; 0    ; 0            ; |final_work|Ahmes:inst|neander_alu:inst22|mux8x1_8bits:inst12|mux8x1:inst8                                   ; work         ;
;                |mux2x1:inst1|                ; 2 (2)             ; 0 (0)        ; 0           ; 0            ; 0       ; 0         ; 0    ; 0            ; |final_work|Ahmes:inst|neander_alu:inst22|mux8x1_8bits:inst12|mux8x1:inst8|mux2x1:inst1                      ; work         ;
;                |mux4x1:inst2|                ; 1 (0)             ; 0 (0)        ; 0           ; 0            ; 0       ; 0         ; 0    ; 0            ; |final_work|Ahmes:inst|neander_alu:inst22|mux8x1_8bits:inst12|mux8x1:inst8|mux4x1:inst2                      ; work         ;
;                   |mux2x1:inst|              ; 1 (1)             ; 0 (0)        ; 0           ; 0            ; 0       ; 0         ; 0    ; 0            ; |final_work|Ahmes:inst|neander_alu:inst22|mux8x1_8bits:inst12|mux8x1:inst8|mux4x1:inst2|mux2x1:inst          ; work         ;
;             |mux8x1:inst|                    ; 3 (0)             ; 0 (0)        ; 0           ; 0            ; 0       ; 0         ; 0    ; 0            ; |final_work|Ahmes:inst|neander_alu:inst22|mux8x1_8bits:inst12|mux8x1:inst                                    ; work         ;
;                |mux2x1:inst1|                ; 3 (3)             ; 0 (0)        ; 0           ; 0            ; 0       ; 0         ; 0    ; 0            ; |final_work|Ahmes:inst|neander_alu:inst22|mux8x1_8bits:inst12|mux8x1:inst|mux2x1:inst1                       ; work         ;
;          |zero_check:inst24|                 ; 3 (3)             ; 0 (0)        ; 0           ; 0            ; 0       ; 0         ; 0    ; 0            ; |final_work|Ahmes:inst|neander_alu:inst22|zero_check:inst24                                                  ; work         ;
;       |reg_8_bits:AC|                        ; 0 (0)             ; 8 (8)        ; 0           ; 0            ; 0       ; 0         ; 0    ; 0            ; |final_work|Ahmes:inst|reg_8_bits:AC                                                                         ; work         ;
;       |reg_8_bits:REM|                       ; 0 (0)             ; 8 (8)        ; 0           ; 0            ; 0       ; 0         ; 0    ; 0            ; |final_work|Ahmes:inst|reg_8_bits:REM                                                                        ; work         ;
;       |reg_8_bits:RI|                        ; 0 (0)             ; 4 (4)        ; 0           ; 0            ; 0       ; 0         ; 0    ; 0            ; |final_work|Ahmes:inst|reg_8_bits:RI                                                                         ; work         ;
+----------------------------------------------+-------------------+--------------+-------------+--------------+---------+-----------+------+--------------+--------------------------------------------------------------------------------------------------------------+--------------+
Note: For table entries with two numbers listed, the numbers in parentheses indicate the number of resources of the given type used by the specific entity alone. The numbers listed outside of parentheses indicate the total resources of the given type used by the specific entity and all of its sub-entities in the hierarchy.


+------------------------------------------------------------------------------------------------------------------------------------------------------------------------------------------------------------+
; Analysis & Synthesis RAM Summary                                                                                                                                                                           ;
+------------------------------------------------------------------------------------------+------+------+--------------+--------------+--------------+--------------+------+--------------------------------+
; Name                                                                                     ; Type ; Mode ; Port A Depth ; Port A Width ; Port B Depth ; Port B Width ; Size ; MIF                            ;
+------------------------------------------------------------------------------------------+------+------+--------------+--------------+--------------+--------------+------+--------------------------------+
; Ahmes:inst|memoria:inst9|altsyncram:Mux7_rtl_0|altsyncram_lv01:auto_generated|ALTSYNCRAM ; AUTO ; ROM  ; 256          ; 8            ; --           ; --           ; 2048 ; final_work.final_work0.rtl.mif ;
+------------------------------------------------------------------------------------------+------+------+--------------+--------------+--------------+--------------+------+--------------------------------+


+------------------------------------------------------+
; General Register Statistics                          ;
+----------------------------------------------+-------+
; Statistic                                    ; Value ;
+----------------------------------------------+-------+
; Total registers                              ; 58    ;
; Number of registers using Synchronous Clear  ; 0     ;
; Number of registers using Synchronous Load   ; 1     ;
; Number of registers using Asynchronous Clear ; 38    ;
; Number of registers using Asynchronous Load  ; 0     ;
; Number of registers using Clock Enable       ; 29    ;
; Number of registers using Preset             ; 0     ;
+----------------------------------------------+-------+


+--------------------------------------------------+
; Inverted Register Statistics                     ;
+----------------------------------------+---------+
; Inverted Register                      ; Fan out ;
+----------------------------------------+---------+
; Ahmes:inst|inst11                      ; 4       ;
; Ahmes:inst|inst23                      ; 4       ;
; Total number of inverted registers = 2 ;         ;
+----------------------------------------+---------+


+------------------------------------------------------------------------------+
; Registers Packed Into Inferred Megafunctions                                 ;
+---------------------------------+-------------------------------------+------+
; Register Name                   ; Megafunction                        ; Type ;
+---------------------------------+-------------------------------------+------+
; Ahmes:inst|reg_8_bits:RDM|inst  ; Ahmes:inst|memoria:inst9|Mux7_rtl_0 ; ROM  ;
; Ahmes:inst|reg_8_bits:RDM|inst2 ; Ahmes:inst|memoria:inst9|Mux7_rtl_0 ; ROM  ;
; Ahmes:inst|reg_8_bits:RDM|inst3 ; Ahmes:inst|memoria:inst9|Mux7_rtl_0 ; ROM  ;
; Ahmes:inst|reg_8_bits:RDM|inst4 ; Ahmes:inst|memoria:inst9|Mux7_rtl_0 ; ROM  ;
; Ahmes:inst|reg_8_bits:RDM|inst5 ; Ahmes:inst|memoria:inst9|Mux7_rtl_0 ; ROM  ;
; Ahmes:inst|reg_8_bits:RDM|inst6 ; Ahmes:inst|memoria:inst9|Mux7_rtl_0 ; ROM  ;
; Ahmes:inst|reg_8_bits:RDM|inst7 ; Ahmes:inst|memoria:inst9|Mux7_rtl_0 ; ROM  ;
; Ahmes:inst|reg_8_bits:RDM|inst1 ; Ahmes:inst|memoria:inst9|Mux7_rtl_0 ; ROM  ;
+---------------------------------+-------------------------------------+------+


+-------------------------------------------------------------------------------------------------------------------------------------------------------------------------------------------------------------+
; Multiplexer Restructuring Statistics (Restructuring Performed)                                                                                                                                              ;
+--------------------+-----------+---------------+----------------------+------------------------+------------+-----------------------------------------------------------------------------------------------+
; Multiplexer Inputs ; Bus Width ; Baseline Area ; Area if Restructured ; Saving if Restructured ; Registered ; Example Multiplexer Output                                                                    ;
+--------------------+-----------+---------------+----------------------+------------------------+------------+-----------------------------------------------------------------------------------------------+
; 4:1                ; 7 bits    ; 14 LEs        ; 14 LEs               ; 0 LEs                  ; Yes        ; |final_work|Ahmes:inst|counter_8_bits:PC|generic_counter:inst3|inst5                          ;
; 5:1                ; 8 bits    ; 24 LEs        ; 16 LEs               ; 8 LEs                  ; No         ; |final_work|Ahmes:inst|neander_alu:inst22|mux8x1_8bits:inst12|mux8x1:inst2|mux2x1:inst1|inst2 ;
+--------------------+-----------+---------------+----------------------+------------------------+------------+-----------------------------------------------------------------------------------------------+


+------------------------------------------------------------------------------------------------------+
; Source assignments for Ahmes:inst|memoria:inst9|altsyncram:Mux7_rtl_0|altsyncram_lv01:auto_generated ;
+---------------------------------+--------------------+------+----------------------------------------+
; Assignment                      ; Value              ; From ; To                                     ;
+---------------------------------+--------------------+------+----------------------------------------+
; OPTIMIZE_POWER_DURING_SYNTHESIS ; NORMAL_COMPILATION ; -    ; -                                      ;
+---------------------------------+--------------------+------+----------------------------------------+


+-------------------------------------------------------------------------------------------------+
; Parameter Settings for Inferred Entity Instance: Ahmes:inst|memoria:inst9|altsyncram:Mux7_rtl_0 ;
+------------------------------------+--------------------------------+---------------------------+
; Parameter Name                     ; Value                          ; Type                      ;
+------------------------------------+--------------------------------+---------------------------+
; BYTE_SIZE_BLOCK                    ; 8                              ; Untyped                   ;
; AUTO_CARRY_CHAINS                  ; ON                             ; AUTO_CARRY                ;
; IGNORE_CARRY_BUFFERS               ; OFF                            ; IGNORE_CARRY              ;
; AUTO_CASCADE_CHAINS                ; ON                             ; AUTO_CASCADE              ;
; IGNORE_CASCADE_BUFFERS             ; OFF                            ; IGNORE_CASCADE            ;
; WIDTH_BYTEENA                      ; 1                              ; Untyped                   ;
; OPERATION_MODE                     ; ROM                            ; Untyped                   ;
; WIDTH_A                            ; 8                              ; Untyped                   ;
; WIDTHAD_A                          ; 8                              ; Untyped                   ;
; NUMWORDS_A                         ; 256                            ; Untyped                   ;
; OUTDATA_REG_A                      ; UNREGISTERED                   ; Untyped                   ;
; ADDRESS_ACLR_A                     ; NONE                           ; Untyped                   ;
; OUTDATA_ACLR_A                     ; NONE                           ; Untyped                   ;
; WRCONTROL_ACLR_A                   ; NONE                           ; Untyped                   ;
; INDATA_ACLR_A                      ; NONE                           ; Untyped                   ;
; BYTEENA_ACLR_A                     ; NONE                           ; Untyped                   ;
; WIDTH_B                            ; 1                              ; Untyped                   ;
; WIDTHAD_B                          ; 1                              ; Untyped                   ;
; NUMWORDS_B                         ; 1                              ; Untyped                   ;
; INDATA_REG_B                       ; CLOCK1                         ; Untyped                   ;
; WRCONTROL_WRADDRESS_REG_B          ; CLOCK1                         ; Untyped                   ;
; RDCONTROL_REG_B                    ; CLOCK1                         ; Untyped                   ;
; ADDRESS_REG_B                      ; CLOCK1                         ; Untyped                   ;
; OUTDATA_REG_B                      ; UNREGISTERED                   ; Untyped                   ;
; BYTEENA_REG_B                      ; CLOCK1                         ; Untyped                   ;
; INDATA_ACLR_B                      ; NONE                           ; Untyped                   ;
; WRCONTROL_ACLR_B                   ; NONE                           ; Untyped                   ;
; ADDRESS_ACLR_B                     ; NONE                           ; Untyped                   ;
; OUTDATA_ACLR_B                     ; NONE                           ; Untyped                   ;
; RDCONTROL_ACLR_B                   ; NONE                           ; Untyped                   ;
; BYTEENA_ACLR_B                     ; NONE                           ; Untyped                   ;
; WIDTH_BYTEENA_A                    ; 1                              ; Untyped                   ;
; WIDTH_BYTEENA_B                    ; 1                              ; Untyped                   ;
; RAM_BLOCK_TYPE                     ; AUTO                           ; Untyped                   ;
; BYTE_SIZE                          ; 8                              ; Untyped                   ;
; READ_DURING_WRITE_MODE_MIXED_PORTS ; DONT_CARE                      ; Untyped                   ;
; READ_DURING_WRITE_MODE_PORT_A      ; NEW_DATA_NO_NBE_READ           ; Untyped                   ;
; READ_DURING_WRITE_MODE_PORT_B      ; NEW_DATA_NO_NBE_READ           ; Untyped                   ;
; INIT_FILE                          ; final_work.final_work0.rtl.mif ; Untyped                   ;
; INIT_FILE_LAYOUT                   ; PORT_A                         ; Untyped                   ;
; MAXIMUM_DEPTH                      ; 0                              ; Untyped                   ;
; CLOCK_ENABLE_INPUT_A               ; NORMAL                         ; Untyped                   ;
; CLOCK_ENABLE_INPUT_B               ; NORMAL                         ; Untyped                   ;
; CLOCK_ENABLE_OUTPUT_A              ; NORMAL                         ; Untyped                   ;
; CLOCK_ENABLE_OUTPUT_B              ; NORMAL                         ; Untyped                   ;
; CLOCK_ENABLE_CORE_A                ; USE_INPUT_CLKEN                ; Untyped                   ;
; CLOCK_ENABLE_CORE_B                ; USE_INPUT_CLKEN                ; Untyped                   ;
; ENABLE_ECC                         ; FALSE                          ; Untyped                   ;
; ECC_PIPELINE_STAGE_ENABLED         ; FALSE                          ; Untyped                   ;
; WIDTH_ECCSTATUS                    ; 3                              ; Untyped                   ;
; DEVICE_FAMILY                      ; Cyclone III                    ; Untyped                   ;
; CBXI_PARAMETER                     ; altsyncram_lv01                ; Untyped                   ;
+------------------------------------+--------------------------------+---------------------------+
Note: In order to hide this table in the UI and the text report file, please set the "Show Parameter Settings in Synthesis Report" option in "Analysis and Synthesis Settings -> More Settings" to "Off".


+--------------------------------------------------------------------------------------------+
; altsyncram Parameter Settings by Entity Instance                                           ;
+-------------------------------------------+------------------------------------------------+
; Name                                      ; Value                                          ;
+-------------------------------------------+------------------------------------------------+
; Number of entity instances                ; 1                                              ;
; Entity Instance                           ; Ahmes:inst|memoria:inst9|altsyncram:Mux7_rtl_0 ;
;     -- OPERATION_MODE                     ; ROM                                            ;
;     -- WIDTH_A                            ; 8                                              ;
;     -- NUMWORDS_A                         ; 256                                            ;
;     -- OUTDATA_REG_A                      ; UNREGISTERED                                   ;
;     -- WIDTH_B                            ; 1                                              ;
;     -- NUMWORDS_B                         ; 1                                              ;
;     -- ADDRESS_REG_B                      ; CLOCK1                                         ;
;     -- OUTDATA_REG_B                      ; UNREGISTERED                                   ;
;     -- RAM_BLOCK_TYPE                     ; AUTO                                           ;
;     -- READ_DURING_WRITE_MODE_MIXED_PORTS ; DONT_CARE                                      ;
+-------------------------------------------+------------------------------------------------+


+-------------------------------+
; Elapsed Time Per Partition    ;
+----------------+--------------+
; Partition Name ; Elapsed Time ;
+----------------+--------------+
; Top            ; 00:00:01     ;
+----------------+--------------+


+-------------------------------+
; Analysis & Synthesis Messages ;
+-------------------------------+
Info: *******************************************************************
Info: Running Quartus II 64-Bit Analysis & Synthesis
    Info: Version 13.1.0 Build 162 10/23/2013 SJ Web Edition
    Info: Processing started: Tue Sep 06 17:07:14 2022
Info: Command: quartus_map --read_settings_files=on --write_settings_files=off final_work -c final_work
Warning (20028): Parallel compilation is not licensed and has been disabled
Info (12021): Found 1 design units, including 1 entities, in source file mux2x1.bdf
    Info (12023): Found entity 1: mux2x1
Info (12021): Found 1 design units, including 1 entities, in source file mux4x1.bdf
    Info (12023): Found entity 1: mux4x1
Info (12021): Found 1 design units, including 1 entities, in source file mux16x1.bdf
    Info (12023): Found entity 1: mux16x1
Info (12021): Found 1 design units, including 1 entities, in source file mux8x1.bdf
    Info (12023): Found entity 1: mux8x1
Info (12021): Found 1 design units, including 1 entities, in source file decod3x8.bdf
    Info (12023): Found entity 1: decod3x8
Info (12021): Found 1 design units, including 1 entities, in source file decod4x16.bdf
    Info (12023): Found entity 1: decod4x16
Info (12021): Found 1 design units, including 1 entities, in source file flip_flop_d_edge.bdf
    Info (12023): Found entity 1: flip_flop_D_edge
Info (12021): Found 1 design units, including 1 entities, in source file register.bdf
    Info (12023): Found entity 1: register
Info (12021): Found 1 design units, including 1 entities, in source file register_8bits.bdf
    Info (12023): Found entity 1: register_8bits
Info (12021): Found 1 design units, including 1 entities, in source file and_8bits.bdf
    Info (12023): Found entity 1: and_8bits
Info (12021): Found 1 design units, including 1 entities, in source file or_8bits.bdf
    Info (12023): Found entity 1: or_8bits
Info (12021): Found 1 design units, including 1 entities, in source file not_8bits.bdf
    Info (12023): Found entity 1: not_8bits
Info (12021): Found 1 design units, including 1 entities, in source file mux4x1_8bits.bdf
    Info (12023): Found entity 1: mux4x1_8bits
Info (12021): Found 1 design units, including 1 entities, in source file mux8x1_8bits.bdf
    Info (12023): Found entity 1: mux8x1_8bits
Info (12021): Found 1 design units, including 1 entities, in source file ahmes_alu.bdf
    Info (12023): Found entity 1: ahmes_alu
Info (12021): Found 1 design units, including 1 entities, in source file mux2x1_8bits.bdf
    Info (12023): Found entity 1: mux2x1_8bits
Info (12021): Found 1 design units, including 1 entities, in source file decod2x4.bdf
    Info (12023): Found entity 1: decod2x4
Info (12021): Found 1 design units, including 1 entities, in source file ahmes.bdf
    Info (12023): Found entity 1: Ahmes
Info (12021): Found 1 design units, including 1 entities, in source file zero_check.bdf
    Info (12023): Found entity 1: zero_check
Info (12021): Found 1 design units, including 1 entities, in source file shl.bdf
    Info (12023): Found entity 1: shl
Info (12021): Found 1 design units, including 1 entities, in source file mux16x1_8bitsa.bdf
    Info (12023): Found entity 1: mux16x1_8bitsa
Info (12021): Found 1 design units, including 1 entities, in source file gnd_8bits.bdf
    Info (12023): Found entity 1: gnd_8bits
Info (12021): Found 1 design units, including 1 entities, in source file final_work.bdf
    Info (12023): Found entity 1: final_work
Info (12021): Found 1 design units, including 1 entities, in source file overflow_check.bdf
    Info (12023): Found entity 1: overflow_check
Info (12021): Found 1 design units, including 1 entities, in source file carry_check.bdf
    Info (12023): Found entity 1: carry_check
Info (12021): Found 1 design units, including 1 entities, in source file add_sub_neg.bdf
    Info (12023): Found entity 1: add_sub_neg
Info (12021): Found 1 design units, including 1 entities, in source file negative_check.bdf
    Info (12023): Found entity 1: negative_check
Info (12021): Found 1 design units, including 1 entities, in source file borrow_check.bdf
    Info (12023): Found entity 1: borrow_check
Info (12021): Found 1 design units, including 1 entities, in source file latch_sr_e.bdf
    Info (12023): Found entity 1: latch_SR_E
Info (12021): Found 1 design units, including 1 entities, in source file latch_sr.bdf
    Info (12023): Found entity 1: latch_SR
Info (12021): Found 1 design units, including 1 entities, in source file latch_d.bdf
    Info (12023): Found entity 1: latch_D
Info (12021): Found 1 design units, including 1 entities, in source file flip_flop.bdf
    Info (12023): Found entity 1: flip_flop
Info (12021): Found 1 design units, including 1 entities, in source file xx.bdf
    Info (12023): Found entity 1: xx
Info (12021): Found 1 design units, including 1 entities, in source file latch_sr_sr.bdf
    Info (12023): Found entity 1: latch_SR_sr
Info (12021): Found 1 design units, including 1 entities, in source file latch_sr_e_sr.bdf
    Info (12023): Found entity 1: latch_SR_E_sr
Info (12021): Found 1 design units, including 1 entities, in source file latch_d_sr.bdf
    Info (12023): Found entity 1: latch_D_sr
Info (12021): Found 1 design units, including 1 entities, in source file flip_flop_sr.bdf
    Info (12023): Found entity 1: flip_flop_sr
Info (12021): Found 1 design units, including 1 entities, in source file flip_flop_e_sr.bdf
    Info (12023): Found entity 1: flip_flop_E_sr
Warning (12019): Can't analyze file -- file latch_with_reset/latch_SR.bdf is missing
Info (12021): Found 1 design units, including 1 entities, in source file latch_sr_reset.bdf
    Info (12023): Found entity 1: latch_SR_reset
Info (12021): Found 1 design units, including 1 entities, in source file control_unit.bdf
    Info (12023): Found entity 1: control_unit
Info (12021): Found 1 design units, including 1 entities, in source file reg_8_bits.bdf
    Info (12023): Found entity 1: reg_8_bits
Info (12021): Found 1 design units, including 1 entities, in source file neander_alu.bdf
    Info (12023): Found entity 1: neander_alu
Info (12021): Found 1 design units, including 1 entities, in source file freq_div25_select.bdf
    Info (12023): Found entity 1: freq_div25_select
Info (12021): Found 1 design units, including 1 entities, in source file ram_1_port.v
    Info (12023): Found entity 1: RAM_1_port
Info (12021): Found 2 design units, including 1 entities, in source file teste.vhd
    Info (12022): Found design unit 1: memoria-circ1
    Info (12023): Found entity 1: memoria
Info (12127): Elaborating entity "final_work" for the top level hierarchy
Info (12128): Elaborating entity "Ahmes" for hierarchy "Ahmes:inst"
Info (12128): Elaborating entity "neander_alu" for hierarchy "Ahmes:inst|neander_alu:inst22"
Info (12128): Elaborating entity "zero_check" for hierarchy "Ahmes:inst|neander_alu:inst22|zero_check:inst24"
Info (12128): Elaborating entity "mux8x1_8bits" for hierarchy "Ahmes:inst|neander_alu:inst22|mux8x1_8bits:inst12"
Info (12128): Elaborating entity "mux8x1" for hierarchy "Ahmes:inst|neander_alu:inst22|mux8x1_8bits:inst12|mux8x1:inst2"
Info (12128): Elaborating entity "mux2x1" for hierarchy "Ahmes:inst|neander_alu:inst22|mux8x1_8bits:inst12|mux8x1:inst2|mux2x1:inst1"
Info (12128): Elaborating entity "mux4x1" for hierarchy "Ahmes:inst|neander_alu:inst22|mux8x1_8bits:inst12|mux8x1:inst2|mux4x1:inst"
Warning (12125): Using design file 8_bits_adder.bdf, which is not specified as a design file for the current project, but contains definitions for 1 design units and 1 entities in project
    Info (12023): Found entity 1: 8_bits_adder
Info (12128): Elaborating entity "8_bits_adder" for hierarchy "Ahmes:inst|neander_alu:inst22|8_bits_adder:inst"
Warning (12125): Using design file full_adder.bdf, which is not specified as a design file for the current project, but contains definitions for 1 design units and 1 entities in project
    Info (12023): Found entity 1: full_adder
Info (12128): Elaborating entity "full_adder" for hierarchy "Ahmes:inst|neander_alu:inst22|8_bits_adder:inst|full_adder:inst7"
Warning (12125): Using design file half_adder.bdf, which is not specified as a design file for the current project, but contains definitions for 1 design units and 1 entities in project
    Info (12023): Found entity 1: half_adder
Info (12128): Elaborating entity "half_adder" for hierarchy "Ahmes:inst|neander_alu:inst22|8_bits_adder:inst|full_adder:inst7|half_adder:inst1"
Info (12128): Elaborating entity "and_8bits" for hierarchy "Ahmes:inst|neander_alu:inst22|and_8bits:inst1"
Info (12128): Elaborating entity "or_8bits" for hierarchy "Ahmes:inst|neander_alu:inst22|or_8bits:inst2"
Info (12128): Elaborating entity "not_8bits" for hierarchy "Ahmes:inst|neander_alu:inst22|not_8bits:inst3"
Info (12128): Elaborating entity "negative_check" for hierarchy "Ahmes:inst|neander_alu:inst22|negative_check:inst4"
Info (12128): Elaborating entity "reg_8_bits" for hierarchy "Ahmes:inst|reg_8_bits:AC"
Info (12128): Elaborating entity "freq_div25_select" for hierarchy "Ahmes:inst|freq_div25_select:inst6"
Warning (275043): Pin "display_3_[6..0]" is missing source
Warning (12125): Using design file freq_div.bdf, which is not specified as a design file for the current project, but contains definitions for 1 design units and 1 entities in project
    Info (12023): Found entity 1: freq_div
Info (12128): Elaborating entity "freq_div" for hierarchy "Ahmes:inst|freq_div25_select:inst6|freq_div:inst24"
Info (12128): Elaborating entity "control_unit" for hierarchy "Ahmes:inst|control_unit:inst"
Info (12128): Elaborating entity "decod3x8" for hierarchy "Ahmes:inst|control_unit:inst|decod3x8:inst"
Warning (12125): Using design file counter_8_bits.bdf, which is not specified as a design file for the current project, but contains definitions for 1 design units and 1 entities in project
    Info (12023): Found entity 1: counter_8_bits
Info (12128): Elaborating entity "counter_8_bits" for hierarchy "Ahmes:inst|control_unit:inst|counter_8_bits:inst2"
Warning (12125): Using design file generic_counter.bdf, which is not specified as a design file for the current project, but contains definitions for 1 design units and 1 entities in project
    Info (12023): Found entity 1: generic_counter
Info (12128): Elaborating entity "generic_counter" for hierarchy "Ahmes:inst|control_unit:inst|counter_8_bits:inst2|generic_counter:inst3"
Info (12128): Elaborating entity "decod4x16" for hierarchy "Ahmes:inst|control_unit:inst|decod4x16:inst3"
Info (12128): Elaborating entity "memoria" for hierarchy "Ahmes:inst|memoria:inst9"
Info (12128): Elaborating entity "mux2x1_8bits" for hierarchy "Ahmes:inst|mux2x1_8bits:inst3"
Warning (12125): Using design file display_7_seg.bdf, which is not specified as a design file for the current project, but contains definitions for 1 design units and 1 entities in project
    Info (12023): Found entity 1: display_7_seg
Info (12128): Elaborating entity "display_7_seg" for hierarchy "Ahmes:inst|display_7_seg:inst2"
Warning (19016): Clock multiplexers are found and protected
    Warning (19017): Found clock multiplexer Ahmes:inst|freq_div25_select:inst6|mux8x1:inst25|mux2x1:inst1|inst2~0
    Warning (19017): Found clock multiplexer Ahmes:inst|freq_div25_select:inst6|mux8x1:inst25|mux4x1:inst2|mux2x1:inst2|inst2~0
    Warning (19017): Found clock multiplexer Ahmes:inst|freq_div25_select:inst6|mux8x1:inst25|mux4x1:inst|mux2x1:inst2|inst2~0
Info (19000): Inferred 1 megafunctions from design logic
    Info (276031): Inferred altsyncram megafunction from the following design logic: "Ahmes:inst|memoria:inst9|Mux7_rtl_0"
        Info (286033): Parameter OPERATION_MODE set to ROM
        Info (286033): Parameter WIDTH_A set to 8
        Info (286033): Parameter WIDTHAD_A set to 8
        Info (286033): Parameter NUMWORDS_A set to 256
        Info (286033): Parameter OUTDATA_REG_A set to UNREGISTERED
        Info (286033): Parameter RAM_BLOCK_TYPE set to AUTO
        Info (286033): Parameter INIT_FILE set to final_work.final_work0.rtl.mif
Info (12130): Elaborated megafunction instantiation "Ahmes:inst|memoria:inst9|altsyncram:Mux7_rtl_0"
Info (12133): Instantiated megafunction "Ahmes:inst|memoria:inst9|altsyncram:Mux7_rtl_0" with the following parameter:
    Info (12134): Parameter "OPERATION_MODE" = "ROM"
    Info (12134): Parameter "WIDTH_A" = "8"
    Info (12134): Parameter "WIDTHAD_A" = "8"
    Info (12134): Parameter "NUMWORDS_A" = "256"
    Info (12134): Parameter "OUTDATA_REG_A" = "UNREGISTERED"
    Info (12134): Parameter "RAM_BLOCK_TYPE" = "AUTO"
    Info (12134): Parameter "INIT_FILE" = "final_work.final_work0.rtl.mif"
Info (12021): Found 1 design units, including 1 entities, in source file db/altsyncram_lv01.tdf
    Info (12023): Found entity 1: altsyncram_lv01
Info (13000): Registers with preset signals will power-up high
Info (13003): DEV_CLRn pin will set, and not reset, register with preset signal due to NOT Gate Push-Back
Info (286030): Timing-Driven Synthesis is running
Info (16010): Generating hard_block partition "hard_block:auto_generated_inst"
    Info (16011): Adding 0 node(s), including 0 DDIO, 0 PLL, 0 transceiver and 0 LCELL
Info (21057): Implemented 214 device resources after synthesis - the final resource count might be different
    Info (21058): Implemented 5 input pins
    Info (21059): Implemented 30 output pins
    Info (21061): Implemented 171 logic cells
    Info (21064): Implemented 8 RAM segments
Info: Quartus II 64-Bit Analysis & Synthesis was successful. 0 errors, 14 warnings
    Info: Peak virtual memory: 4677 megabytes
    Info: Processing ended: Tue Sep 06 17:07:17 2022
    Info: Elapsed time: 00:00:03
    Info: Total CPU time (on all processors): 00:00:03


